<?xml version="1.0" encoding="UTF-8"?>
<!-- Generated by org.testng.reporters.JUnitReportReporter -->
<testsuite skipped="0" hostname="DE9YQ9PV2" name="com.cars24.homepageObjects.HomePage" tests="2" failures="0" timestamp="2021-05-24T17:25:11 IST" time="97.962" errors="0">
  <testcase name="hompageSecond" time="20.235" classname="com.cars24.homepageObjects.HomePage"/>
  <system-out/>
  <testcase name="hompage" time="77.727" classname="com.cars24.homepageObjects.HomePage"/>
  <system-out/>
</testsuite> <!-- com.cars24.homepageObjects.HomePage -->
