<?xml version="1.0" encoding="UTF-8"?>
<!-- Generated by org.testng.reporters.JUnitReportReporter -->
<testsuite skipped="0" hostname="DE9YQ9PV2" name="com.cars24.testrunnerfiles.TestRunner" tests="8" failures="0" timestamp="2021-05-26T15:46:12 IST" time="475.591" errors="0">
  <testcase name="runScenario" time="53.936" classname="com.cars24.testrunnerfiles.TestRunner"/>
  <system-out/>
  <testcase name="runScenario" time="54.280" classname="com.cars24.testrunnerfiles.TestRunner"/>
  <system-out/>
  <testcase name="runScenario" time="53.304" classname="com.cars24.testrunnerfiles.TestRunner"/>
  <system-out/>
  <testcase name="runScenario" time="108.960" classname="com.cars24.testrunnerfiles.TestRunner"/>
  <system-out/>
  <testcase name="runScenario" time="55.045" classname="com.cars24.testrunnerfiles.TestRunner"/>
  <system-out/>
  <testcase name="runScenario" time="52.890" classname="com.cars24.testrunnerfiles.TestRunner"/>
  <system-out/>
  <testcase name="runScenario" time="58.485" classname="com.cars24.testrunnerfiles.TestRunner"/>
  <system-out/>
  <testcase name="runScenario" time="38.691" classname="com.cars24.testrunnerfiles.TestRunner"/>
  <system-out/>
</testsuite> <!-- com.cars24.testrunnerfiles.TestRunner -->
