<?xml version="1.0" encoding="UTF-8"?>
<!-- Generated by org.testng.reporters.JUnitReportReporter -->
<testsuite skipped="0" hostname="DE9YQ9PV2" name="com.cars24.testrunnerfiles.TestRunner" tests="2" failures="0" timestamp="2021-05-25T16:50:37 IST" time="102.976" errors="0">
  <testcase name="runScenario" time="52.523" classname="com.cars24.testrunnerfiles.TestRunner"/>
  <system-out/>
  <testcase name="runScenario" time="50.453" classname="com.cars24.testrunnerfiles.TestRunner"/>
  <system-out/>
</testsuite> <!-- com.cars24.testrunnerfiles.TestRunner -->
